[Message:   BepInEx] BepInEx 5.4.21.0 - Lethal Company (10/12/2023 19:56:17)
[Info   :   BepInEx] Running under Unity v2022.3.9.15351836
[Info   :   BepInEx] CLR runtime version: 4.0.30319.42000
[Info   :   BepInEx] Supports SRE: True
[Info   :   BepInEx] System platform: Bits64, Windows
[Message:   BepInEx] Preloader started
[Info   :   BepInEx] Loaded 1 patcher method from [BepInEx.Preloader 5.4.21.0]
[Info   :   BepInEx] 1 patcher plugin loaded
[Info   :   BepInEx] Patching [UnityEngine.CoreModule] with [BepInEx.Chainloader]
[Message:   BepInEx] Preloader finished
[Message:   BepInEx] Chainloader ready
[Message:   BepInEx] Chainloader started
[Info   :   BepInEx] 17 plugins to load
[Warning:   BepInEx] Skipping [MoreEmotes-Sligili 1.1.2] because a newer version exists (MoreEmotes-Sligili 1.2.2)
[Warning:   BepInEx] Plugin [FOV Adjust 1.1.1] targets a wrong version of BepInEx (5.4.22.0) and might not work until you update
[Warning:   BepInEx] Plugin [GambaMod 1.0.8] targets a wrong version of BepInEx (5.4.22.0) and might not work until you update
[Warning:   BepInEx] Plugin [MoreEmotes-Sligili 1.2.2] targets a wrong version of BepInEx (5.4.22.0) and might not work until you update
[Info   :   BepInEx] Loading [GambaMod 1.0.8]
[Info   :Alexsio.GambaMod] Gamba mod up and awake
[Info   :   BepInEx] Loading [ShipLoot 1.0]
[Info   :   BepInEx] Loading [LC_API 2.1.4]
[Warning:    LC_API] 
.____    _________           _____  __________ .___  
|    |   \_   ___ \         /  _  \ \______   \|   | 
|    |   /    \  \/        /  /_\  \ |     ___/|   | 
|    |___\     \____      /    |    \|    |    |   | 
|_______ \\______  /______\____|__  /|____|    |___| 
        \/       \//_____/        \/                 
                                                     
[Info   :    LC_API] LC_API Starting up..
[Info   :   BepInEx] Loading [LCFartLizards 1.2.1]
[Info   :LCFartLizards] Plugin LCFartLizards is loaded!
[Info   :LCFartLizards] Audio clip loaded successfully!
[Info   :   BepInEx] Loading [LethalFashion 1.0.4]
[Info   :LethalFashion] Plugin LethalFashion is loaded!
[Info   :LethalFashion] Harmony instance created
[Info   :LethalFashion] Patch applied successfully. You are now FASHIONABLE.
[Info   :   BepInEx] Loading [MoreCompany 1.7.1]
[Info   :MoreCompany] Loading MoreCompany...
[Info   :MoreCompany] Checking: Y:\SteamLibrary\steamapps\common\Lethal Company\BepInEx\plugins/MoreCompanyCosmetics
[Info   :MoreCompany] Loaded MoreCompany FULLY
[Info   :MoreCompany] Read settings and cosmetics
[Info   :MoreCompany] Loaded cosmetic: builtin.3dglasses from bundle
[Info   :MoreCompany] Loaded cosmetic: builtin.bunnyears from bundle
[Info   :MoreCompany] Loaded cosmetic: builtin.denimhat from bundle
[Info   :MoreCompany] Loaded cosmetic: builtin.fancyglasses from bundle
[Info   :MoreCompany] Loaded cosmetic: builtin.partyglasses from bundle
[Info   :MoreCompany] Loaded cosmetic: builtin.gunholster from bundle
[Info   :MoreCompany] Loaded cosmetic: builtin.hardhat from bundle
[Info   :MoreCompany] Loaded cosmetic: builtin.jesterhat from bundle
[Info   :MoreCompany] Loaded cosmetic: builtin.kittyears from bundle
[Info   :MoreCompany] Loaded cosmetic: builtin.mimemask from bundle
[Info   :MoreCompany] Loaded cosmetic: builtin.fancypants from bundle
[Info   :MoreCompany] Loaded cosmetic: builtin.outoforder from bundle
[Info   :MoreCompany] Loaded cosmetic: builtin.partyhat from bundle
[Info   :MoreCompany] Loaded cosmetic: builtin.plaguemask from bundle
[Info   :MoreCompany] Loaded cosmetic: builtin.eyeballs from bundle
[Info   :MoreCompany] Loaded cosmetic: builtin.rudolph from bundle
[Info   :MoreCompany] Loaded cosmetic: builtin.santahat from bundle
[Info   :MoreCompany] Loaded cosmetic: builtin.slimething from bundle
[Info   :MoreCompany] Loaded cosmetic: builtin.tophat from bundle
[Info   :MoreCompany] Loaded cosmetic: builtin.watch from bundle
[Info   :MoreCompany] Loading USER COSMETICS...
[Info   :   BepInEx] Loading [HornMoan 2.1.0]
[Info   :MetalPipeSFX.HornMoan] The Moaning is Loading
[Info   :MetalPipeSFX.HornMoan] Loaded The Moaning Successfully
[Info   :   BepInEx] Loading [MetalRecharging 1.0.0]
[Info   :MetalRecharging] Plugin MetalRecharging is loaded!
[Info   :   BepInEx] Loading [MoreEmotes-Sligili 1.2.2]
[Info   :MoreEmotes-Sligili] MoreEmotes loaded
[Info   :   BepInEx] Loading [PushCompany 1.2.0]
[Info   :PushCompany] PushCompany has initialized!
[Info   :   BepInEx] Loading [FOV Adjust 1.1.1]
[Info   :Rozebud.FovAdjust] Starting.
[Info   :Rozebud.FovAdjust] Configs DONE!
[Info   :Rozebud.FovAdjust] All FOV Adjust patches have loaded successfully.
[Info   :   BepInEx] Loading [Skinwalker Mod 1.0.8]
[Info   :RugbugRedfern.SkinwalkerMod] SKINWALKER MOD STARTING UP 1.0.8
[Info   :RugbugRedfern.SkinwalkerMod] VoiceEnabled_BaboonHawk VALUE LOADED FROM CONFIG: [True]
[Info   :RugbugRedfern.SkinwalkerMod] VoiceEnabled_Bracken VALUE LOADED FROM CONFIG: [True]
[Info   :RugbugRedfern.SkinwalkerMod] VoiceEnabled_BunkerSpider VALUE LOADED FROM CONFIG: [True]
[Info   :RugbugRedfern.SkinwalkerMod] VoiceEnabled_Centipede VALUE LOADED FROM CONFIG: [True]
[Info   :RugbugRedfern.SkinwalkerMod] VoiceEnabled_CoilHead VALUE LOADED FROM CONFIG: [True]
[Info   :RugbugRedfern.SkinwalkerMod] VoiceEnabled_EyelessDog VALUE LOADED FROM CONFIG: [True]
[Info   :RugbugRedfern.SkinwalkerMod] VoiceEnabled_ForestGiant VALUE LOADED FROM CONFIG: [False]
[Info   :RugbugRedfern.SkinwalkerMod] VoiceEnabled_GhostGirl VALUE LOADED FROM CONFIG: [True]
[Info   :RugbugRedfern.SkinwalkerMod] VoiceEnabled_GiantWorm VALUE LOADED FROM CONFIG: [False]
[Info   :RugbugRedfern.SkinwalkerMod] VoiceEnabled_HoardingBug VALUE LOADED FROM CONFIG: [True]
[Info   :RugbugRedfern.SkinwalkerMod] VoiceEnabled_Hygrodere VALUE LOADED FROM CONFIG: [False]
[Info   :RugbugRedfern.SkinwalkerMod] VoiceEnabled_Jester VALUE LOADED FROM CONFIG: [True]
[Info   :RugbugRedfern.SkinwalkerMod] VoiceEnabled_Masked VALUE LOADED FROM CONFIG: [True]
[Info   :RugbugRedfern.SkinwalkerMod] VoiceEnabled_Nutcracker VALUE LOADED FROM CONFIG: [True]
[Info   :RugbugRedfern.SkinwalkerMod] VoiceEnabled_SporeLizard VALUE LOADED FROM CONFIG: [True]
[Info   :RugbugRedfern.SkinwalkerMod] VoiceEnabled_Thumper VALUE LOADED FROM CONFIG: [True]
[Info   :RugbugRedfern.SkinwalkerMod] VoiceLineFrequency VALUE LOADED FROM CONFIG: [1]
[Info   :RugbugRedfern.SkinwalkerMod] Skinwalker Mod Object Initialized
[Info   :   BepInEx] Loading [Youtube Boombox 1.5.0]
[Info   :   BepInEx] Loading [Land Mine Fart Reverb 1.0.2]
[Info   :sunnobunno.landminefartreverb] sunnobunno.landminefartreverb is loading.
[Info   :sunnobunno.landminefartreverb] sunnobunno.landminefartreverb is loaded. Pee-yeww.
[Info   :   BepInEx] Loading [BetterSprayPaint 1.0.1]
[Info   :BetterSprayPaint] Loading taffyko.BetterSprayPaint
[Info   :   BepInEx] Loading [More Suits 1.3.3]
[Info   :More Suits] Plugin More Suits is loaded!
[Message:   BepInEx] Chainloader startup complete
[Message:    LC_API] BundleAPI will now load all asset bundles...
[Message:    LC_API] BundleAPI got no assets to load from legacy directory
[Message:    LC_API] BundleAPI got 3 AssetBundles to load!
[Error  : Unity Log] The AssetBundle 'Y:\SteamLibrary\steamapps\common\Lethal Company\BepInEx\plugins\fartwithreverb' can't be loaded because another AssetBundle with the same files is already loaded.
[Error  :    LC_API] Failed to load an assetbundle! Path: Y:\SteamLibrary\steamapps\common\Lethal Company\BepInEx\plugins\fartwithreverb
[Error  : Unity Log] The AssetBundle 'Y:\SteamLibrary\steamapps\common\Lethal Company\BepInEx\plugins\MoreEmotes\animationsbundle' can't be loaded because another AssetBundle with the same files is already loaded.
[Error  :    LC_API] Failed to load an assetbundle! Path: Y:\SteamLibrary\steamapps\common\Lethal Company\BepInEx\plugins\MoreEmotes\animationsbundle
[Error  : Unity Log] The AssetBundle 'Y:\SteamLibrary\steamapps\common\Lethal Company\BepInEx\plugins\MoreEmotes\animatorbundle' can't be loaded because another AssetBundle with the same files is already loaded.
[Error  :    LC_API] Failed to load an assetbundle! Path: Y:\SteamLibrary\steamapps\common\Lethal Company\BepInEx\plugins\MoreEmotes\animatorbundle
[Message:    LC_API] BundleAPI finished loading all assets.
[Message:    LC_API] BundleAPI finished loading all assets.
[Info   :    LC_API] LC_API Started!
[Info   : Unity Log] Changing gamma
[Info   : Unity Log] override float value: 0.3
[Info   : Unity Log] Overriding float
[Info   : Unity Log] Gamma changed
[Info   : Unity Log] Set gamma to new value: 0.3; (0.00, 0.00, 0.00, 0.30) (True)
[Info   : Unity Log] Saving changed settings
[Info   : Unity Log] Changing gamma
[Info   : Unity Log] override float value: 0.3
[Info   : Unity Log] Overriding float
[Info   : Unity Log] Gamma changed
[Info   : Unity Log] Set gamma to new value: 0.3; (0.00, 0.00, 0.00, 0.30) (True)
[Info   : Unity Log] subcribing to steam callbacks
[Info   : Unity Log] Changing gamma
[Info   : Unity Log] override float value: 0.3
[Info   : Unity Log] Overriding float
[Info   : Unity Log] Gamma changed
[Info   : Unity Log] Set gamma to new value: 0.3; (0.00, 0.00, 0.00, 0.30) (True)
[Error  : Unity Log] NullReferenceException: Object reference not set to an instance of an object
Stack trace:
MoreEmotes.Patch.EmotePatch.MenuStart (MenuManager __instance) (at <f5da28d14d8446a1a30ddc07194617c6>:0)
(wrapper dynamic-method) MenuManager.DMD<MenuManager::Start>(MenuManager)

[Info   : Unity Log] [FacepunchTransport] - Initialized access to Steam Relay Network.
[Info   : Unity Log] [FacepunchTransport] - Fetched user Steam ID.
[Info   : Unity Log] Set version num
[Info   : Unity Log] Changing gamma
[Info   : Unity Log] override float value: 0.3
[Info   : Unity Log] Overriding float
[Info   : Unity Log] Gamma changed
[Info   : Unity Log] Set gamma to new value: 0.3; (0.00, 0.00, 0.00, 0.30) (True)
[Info   :RugbugRedfern.SkinwalkerMod] Audio folder not present. Don't worry about it, it will be created automatically when you play with friends. (Y:/SteamLibrary/steamapps/common/Lethal Company/Lethal Company_Data\..\Dissonance_Diagnostics)
[Info   :RugbugRedfern.SkinwalkerMod] Audio folder not present. Don't worry about it, it will be created automatically when you play with friends. (Y:/SteamLibrary/steamapps/common/Lethal Company/Lethal Company_Data\..\Dissonance_Diagnostics)
[Info   :RugbugRedfern.SkinwalkerMod] Audio folder not present. Don't worry about it, it will be created automatically when you play with friends. (Y:/SteamLibrary/steamapps/common/Lethal Company/Lethal Company_Data\..\Dissonance_Diagnostics)
[Info   :RugbugRedfern.SkinwalkerMod] Audio folder not present. Don't worry about it, it will be created automatically when you play with friends. (Y:/SteamLibrary/steamapps/common/Lethal Company/Lethal Company_Data\..\Dissonance_Diagnostics)
[Info   :RugbugRedfern.SkinwalkerMod] Audio folder not present. Don't worry about it, it will be created automatically when you play with friends. (Y:/SteamLibrary/steamapps/common/Lethal Company/Lethal Company_Data\..\Dissonance_Diagnostics)
[Info   :RugbugRedfern.SkinwalkerMod] Audio folder not present. Don't worry about it, it will be created automatically when you play with friends. (Y:/SteamLibrary/steamapps/common/Lethal Company/Lethal Company_Data\..\Dissonance_Diagnostics)
[Info   :RugbugRedfern.SkinwalkerMod] Audio folder not present. Don't worry about it, it will be created automatically when you play with friends. (Y:/SteamLibrary/steamapps/common/Lethal Company/Lethal Company_Data\..\Dissonance_Diagnostics)
[Info   :RugbugRedfern.SkinwalkerMod] Audio folder not present. Don't worry about it, it will be created automatically when you play with friends. (Y:/SteamLibrary/steamapps/common/Lethal Company/Lethal Company_Data\..\Dissonance_Diagnostics)
[Info   : Unity Log] host button pressed
[Info   :RugbugRedfern.SkinwalkerMod] Audio folder not present. Don't worry about it, it will be created automatically when you play with friends. (Y:/SteamLibrary/steamapps/common/Lethal Company/Lethal Company_Data\..\Dissonance_Diagnostics)
[Info   : Unity Log] Displaying menu message
[Info   : Unity Log] [Netcode] StartHost
[Info   : Unity Log] [Netcode] Initialize
[Info   : Unity Log] [FacepunchTransport] - Starting as server.
[Info   : Unity Log] Connection approval callback! Game version of client request: 
[Info   : Unity Log] Joining client id: 0; Local/host client id: 0
[Info   : Unity Log] Stopped connection approval callback, as the client in question was the host!
[Warning: Unity Log] [Netcode] You cannot decline the host connection. The connection was automatically approved.
[Info   : Unity Log] started host!
[Info   : Unity Log] are we in a server?: True
[Message:    LC_API] server pre-setup success
[Info   : Unity Log] Lobby has been created
[Info   : Unity Log] Enabling connection callbacks in StartOfRound
[Info   : Unity Log] Began listening to SceneManager_OnLoadComplete1 on this client
[Warning: Unity Log] NetworkVariable is written to, but doesn't know its NetworkBehaviour yet. Are you modifying a NetworkVariable before the NetworkObject is spawned?
[Warning: Unity Log] NetworkVariable is written to, but doesn't know its NetworkBehaviour yet. Are you modifying a NetworkVariable before the NetworkObject is spawned?
[Warning: Unity Log] NetworkVariable is written to, but doesn't know its NetworkBehaviour yet. Are you modifying a NetworkVariable before the NetworkObject is spawned?
[Info   :RugbugRedfern.SkinwalkerMod] HOST SENDING CONFIG TO CLIENTS
[Info   :RugbugRedfern.SkinwalkerMod] SkinwalkerNetworkManager Awake
[Info   : Unity Log] Initialized SkinwalkerNetworkManager
[Info   : Unity Log] Changing gamma
[Info   : Unity Log] override float value: 0.3
[Info   : Unity Log] Overriding float
[Info   : Unity Log] Gamma changed
[Info   : Unity Log] Set gamma to new value: 0.3; (0.00, 0.00, 0.00, 0.30) (True)
[Warning: Unity Log] damageTrigger is disabled! Netcode for GameObjects does not support spawning disabled NetworkBehaviours! The InteractTrigger component was skipped during spawn!
[Warning: Unity Log] The referenced script (SelectionWheel) on this Behaviour is missing!
[Warning: Unity Log] The referenced script on this Behaviour (Game Object 'MoreEmotesMenu') is missing!
[Warning: Unity Log] The referenced script on this Behaviour (Game Object '<null>') is missing!
[Warning: Unity Log] The referenced script (SelectionWheel) on this Behaviour is missing!
[Warning: Unity Log] The referenced script on this Behaviour (Game Object 'MoreEmotesMenu') is missing!
[Warning: Unity Log] The referenced script on this Behaviour (Game Object '<null>') is missing!
[Warning: Unity Log] The referenced script (SelectionWheel) on this Behaviour is missing!
[Warning: Unity Log] The referenced script on this Behaviour (Game Object 'MoreEmotesMenu') is missing!
[Warning: Unity Log] The referenced script on this Behaviour (Game Object '<null>') is missing!
[Warning: Unity Log] The referenced script (SelectionWheel) on this Behaviour is missing!
[Warning: Unity Log] The referenced script on this Behaviour (Game Object 'MoreEmotesMenu') is missing!
[Warning: Unity Log] The referenced script on this Behaviour (Game Object '<null>') is missing!
[Warning: Unity Log] The referenced script (SelectionWheel) on this Behaviour is missing!
[Warning: Unity Log] The referenced script on this Behaviour (Game Object 'MoreEmotesMenu') is missing!
[Info   : Unity Log] Item sales percentages #0: 0
[Info   : Unity Log] Item sales percentages #1: 0
[Info   : Unity Log] Item sales percentages #2: 0
[Info   : Unity Log] Item sales percentages #3: 0
[Info   : Unity Log] Item sales percentages #4: 0
[Info   : Unity Log] Item sales percentages #5: 0
[Info   : Unity Log] Item sales percentages #6: 0
[Info   : Unity Log] Item sales percentages #7: 0
[Info   : Unity Log] Item sales percentages #8: 0
[Info   : Unity Log] Item sales percentages #9: 0
[Info   : Unity Log] Item sales percentages #10: 0
[Info   : Unity Log] Item sales percentages #11: 0
[Info   : Unity Log] Item sales percentages #12: 0
[Info   : Unity Log] Group credits: 0
[Warning: Unity Log] TerminalNode must be instantiated using the ScriptableObject.CreateInstance method instead of new TerminalNode.
[Warning: Unity Log] TerminalNode must be instantiated using the ScriptableObject.CreateInstance method instead of new TerminalNode.
[Warning: Unity Log] TerminalNode must be instantiated using the ScriptableObject.CreateInstance method instead of new TerminalNode.
[Warning: Unity Log] TerminalKeyword must be instantiated using the ScriptableObject.CreateInstance method instead of new TerminalKeyword.
[Warning: Unity Log] TerminalKeyword must be instantiated using the ScriptableObject.CreateInstance method instead of new TerminalKeyword.
[Error  : Unity Log] NullReferenceException: Object reference not set to an instance of an object
Stack trace:
gamba.Patches.TerminalPatch.addGamba (Terminal& __instance) (at <ba9a856a59f2437daa67cc234ed1f730>:0)
(wrapper dynamic-method) Terminal.DMD<Terminal::Start>(Terminal)

[Info   : Unity Log] # powered lights: 0
[Info   : Unity Log] Something went wrong with More Suits! Error: System.IO.FileNotFoundException: Could not find file "Y:\SteamLibrary\steamapps\common\Lethal Company\BepInEx\plugins\moresuits\advanced\glow.png"
File name: 'Y:\SteamLibrary\steamapps\common\Lethal Company\BepInEx\plugins\moresuits\advanced\glow.png'
  at System.IO.FileStream..ctor (System.String path, System.IO.FileMode mode, System.IO.FileAccess access, System.IO.FileShare share, System.Int32 bufferSize, System.Boolean anonymous, System.IO.FileOptions options) [0x0019e] in <787acc3c9a4c471ba7d971300105af24>:0 
  at System.IO.FileStream..ctor (System.String path, System.IO.FileMode mode, System.IO.FileAccess access, System.IO.FileShare share, System.Int32 bufferSize) [0x00000] in <787acc3c9a4c471ba7d971300105af24>:0 
  at (wrapper remoting-invoke-with-check) System.IO.FileStream..ctor(string,System.IO.FileMode,System.IO.FileAccess,System.IO.FileShare,int)
  at System.IO.File.ReadAllBytes (System.String path) [0x00000] in <787acc3c9a4c471ba7d971300105af24>:0 
  at MoreSuits.MoreSuitsMod+StartOfRoundPatch.StartPatch (StartOfRound& __instance) [0x0038f] in <9bd469c958b44c0b91f78cdda29a64c9>:0 
[Info   : Unity Log] level id: 4
[Info   : Unity Log] Changing level
[Warning: Unity Log] NetworkVariable is written to, but doesn't know its NetworkBehaviour yet. Are you modifying a NetworkVariable before the NetworkObject is spawned?
[Warning: Unity Log] NetworkVariable is written to, but doesn't know its NetworkBehaviour yet. Are you modifying a NetworkVariable before the NetworkObject is spawned?
[Warning: Unity Log] NetworkVariable is written to, but doesn't know its NetworkBehaviour yet. Are you modifying a NetworkVariable before the NetworkObject is spawned?
[Info   : Unity Log] Loading placed object position as: (3.20, 3.48, -15.13)
[Info   : Unity Log] Saving placed position as: (3.20, 3.48, -15.13)
[Info   : Unity Log] Placing scene object at saved position: Cupboard
[Info   : Unity Log] Loading placed object position as: (-2.91, 1.64, -13.40)
[Info   : Unity Log] Saving placed position as: (-2.91, 1.64, -13.40)
[Info   : Unity Log] Placing scene object at saved position: File Cabinet
[Info   : Unity Log] Loading placed object position as: (3.49, 1.10, -12.53)
[Info   : Unity Log] Saving placed position as: (3.49, 1.10, -12.53)
[Info   : Unity Log] Loading placed object position as: (3.36, 0.84, -15.18)
[Info   : Unity Log] Saving placed position as: (3.36, 0.84, -15.18)
[Info   : Unity Log] Placing scene object at saved position: Bunkbeds
[Info   : Unity Log] Loading placed object position as: (6.19, 2.04, -15.50)
[Info   : Unity Log] Saving placed position as: (6.19, 2.04, -15.50)
[Info   : Unity Log] Placing scene object at saved position: Terminal
[Info   : Unity Log] Loading placed object position as: (8.36, 1.93, -16.10)
[Info   : Unity Log] Saving placed position as: (8.36, 1.93, -16.10)
[Info   : Unity Log] Loading placed object position as: (-0.07, 0.35, -14.74)
[Info   : Unity Log] Saving placed position as: (-0.07, 0.35, -14.74)
[Warning: Unity Log] NetworkVariable is written to, but doesn't know its NetworkBehaviour yet. Are you modifying a NetworkVariable before the NetworkObject is spawned?
[Warning: Unity Log] NetworkVariable is written to, but doesn't know its NetworkBehaviour yet. Are you modifying a NetworkVariable before the NetworkObject is spawned?
[Warning: Unity Log] NetworkVariable is written to, but doesn't know its NetworkBehaviour yet. Are you modifying a NetworkVariable before the NetworkObject is spawned?
[Warning: Unity Log] NetworkVariable is written to, but doesn't know its NetworkBehaviour yet. Are you modifying a NetworkVariable before the NetworkObject is spawned?
[Warning: Unity Log] NetworkVariable is written to, but doesn't know its NetworkBehaviour yet. Are you modifying a NetworkVariable before the NetworkObject is spawned?
[Warning: Unity Log] NetworkVariable is written to, but doesn't know its NetworkBehaviour yet. Are you modifying a NetworkVariable before the NetworkObject is spawned?
[Warning: Unity Log] NetworkVariable is written to, but doesn't know its NetworkBehaviour yet. Are you modifying a NetworkVariable before the NetworkObject is spawned?
[Warning: Unity Log] NetworkVariable is written to, but doesn't know its NetworkBehaviour yet. Are you modifying a NetworkVariable before the NetworkObject is spawned?
[Warning: Unity Log] NetworkVariable is written to, but doesn't know its NetworkBehaviour yet. Are you modifying a NetworkVariable before the NetworkObject is spawned?
[Warning: Unity Log] NetworkVariable is written to, but doesn't know its NetworkBehaviour yet. Are you modifying a NetworkVariable before the NetworkObject is spawned?
[Warning: Unity Log] NetworkVariable is written to, but doesn't know its NetworkBehaviour yet. Are you modifying a NetworkVariable before the NetworkObject is spawned?
[Warning: Unity Log] NetworkVariable is written to, but doesn't know its NetworkBehaviour yet. Are you modifying a NetworkVariable before the NetworkObject is spawned?
[Warning: Unity Log] NetworkVariable is written to, but doesn't know its NetworkBehaviour yet. Are you modifying a NetworkVariable before the NetworkObject is spawned?
[Warning: Unity Log] NetworkVariable is written to, but doesn't know its NetworkBehaviour yet. Are you modifying a NetworkVariable before the NetworkObject is spawned?
[Warning: Unity Log] NetworkVariable is written to, but doesn't know its NetworkBehaviour yet. Are you modifying a NetworkVariable before the NetworkObject is spawned?
[Warning: Unity Log] NetworkVariable is written to, but doesn't know its NetworkBehaviour yet. Are you modifying a NetworkVariable before the NetworkObject is spawned?
[Warning: Unity Log] NetworkVariable is written to, but doesn't know its NetworkBehaviour yet. Are you modifying a NetworkVariable before the NetworkObject is spawned?
[Warning: Unity Log] NetworkVariable is written to, but doesn't know its NetworkBehaviour yet. Are you modifying a NetworkVariable before the NetworkObject is spawned?
[Warning: Unity Log] NetworkVariable is written to, but doesn't know its NetworkBehaviour yet. Are you modifying a NetworkVariable before the NetworkObject is spawned?
[Info   : Unity Log] Ship grabbable items list loaded. Count: 11
[Warning: Unity Log] Only custom filters can be played. Please add a custom filter or an audioclip to the audiosource (Target).
[Info   : Unity Log] Loading item save data for item: SprayPaintItem(Clone) (UnityEngine.GameObject): 56
[Warning: Unity Log] Only custom filters can be played. Please add a custom filter or an audioclip to the audiosource (Target).
[Warning: Unity Log] Only custom filters can be played. Please add a custom filter or an audioclip to the audiosource (Target).
[Warning: Unity Log] Only custom filters can be played. Please add a custom filter or an audioclip to the audiosource (Target).
[Error  :MetalPipeSFX.HornMoan] Error loading sounds: Y:\SteamLibrary\steamapps\common\Lethal Company\BepInEx\plugins\MetalPipeSFX-HornMoan\Moaning1.mp3
HTTP/1.1 404 Not Found
[Error  : Unity Log] InvalidOperationException: HTTP/1.1 404 Not Found
Stack trace:
UnityEngine.Networking.DownloadHandler.GetCheckedDownloader[T] (UnityEngine.Networking.UnityWebRequest www) (at <c222d83f79f841d286bf88de99b703c5>:0)
UnityEngine.Networking.DownloadHandlerAudioClip.GetContent (UnityEngine.Networking.UnityWebRequest www) (at <9a17a0dbd95042e09c96c00e843f4382>:0)
HornMoan.PipePatch.LoadAudioClip (System.String filepath) (at <adcc6bbb2f2a4c35b1d0719ceb30afc6>:0)
HornMoan.PipePatch.AudioPatch (GrabbableObject __instance) (at <adcc6bbb2f2a4c35b1d0719ceb30afc6>:0)
(wrapper dynamic-method) GrabbableObject.DMD<GrabbableObject::Start>(GrabbableObject)

[Error  :MetalPipeSFX.HornMoan] Error loading sounds: Y:\SteamLibrary\steamapps\common\Lethal Company\BepInEx\plugins\MetalPipeSFX-HornMoan\Moaning1.mp3
HTTP/1.1 404 Not Found
[Error  : Unity Log] InvalidOperationException: HTTP/1.1 404 Not Found
Stack trace:
UnityEngine.Networking.DownloadHandler.GetCheckedDownloader[T] (UnityEngine.Networking.UnityWebRequest www) (at <c222d83f79f841d286bf88de99b703c5>:0)
UnityEngine.Networking.DownloadHandlerAudioClip.GetContent (UnityEngine.Networking.UnityWebRequest www) (at <9a17a0dbd95042e09c96c00e843f4382>:0)
HornMoan.PipePatch.LoadAudioClip (System.String filepath) (at <adcc6bbb2f2a4c35b1d0719ceb30afc6>:0)
HornMoan.PipePatch.AudioPatch (GrabbableObject __instance) (at <adcc6bbb2f2a4c35b1d0719ceb30afc6>:0)
(wrapper dynamic-method) GrabbableObject.DMD<GrabbableObject::Start>(GrabbableObject)

[Warning: Unity Log] The referenced script on this Behaviour (Game Object '<null>') is missing!
[Warning: Unity Log] The referenced script (SelectionWheel) on this Behaviour is missing!
[Warning: Unity Log] The referenced script on this Behaviour (Game Object 'MoreEmotesMenu') is missing!
[Warning: Unity Log] The referenced script on this Behaviour (Game Object '<null>') is missing!
[Warning: Unity Log] The referenced script (SelectionWheel) on this Behaviour is missing!
[Warning: Unity Log] The referenced script on this Behaviour (Game Object 'MoreEmotesMenu') is missing!
[Warning: Unity Log] The referenced script on this Behaviour (Game Object '<null>') is missing!
[Warning: Unity Log] The referenced script (SelectionWheel) on this Behaviour is missing!
[Warning: Unity Log] The referenced script on this Behaviour (Game Object 'MoreEmotesMenu') is missing!
[Warning: Unity Log] The referenced script on this Behaviour (Game Object '<null>') is missing!
[Warning: Unity Log] The referenced script (SelectionWheel) on this Behaviour is missing!
[Warning: Unity Log] The referenced script on this Behaviour (Game Object 'MoreEmotesMenu') is missing!
[Warning: Unity Log] The referenced script on this Behaviour (Game Object '<null>') is missing!
[Warning: Unity Log] The referenced script (SelectionWheel) on this Behaviour is missing!
[Warning: Unity Log] The referenced script on this Behaviour (Game Object 'MoreEmotesMenu') is missing!
[Warning: Unity Log] The referenced script on this Behaviour (Game Object '<null>') is missing!
[Warning: Unity Log] The referenced script (SelectionWheel) on this Behaviour is missing!
[Warning: Unity Log] The referenced script on this Behaviour (Game Object 'MoreEmotesMenu') is missing!
[Warning: Unity Log] The referenced script on this Behaviour (Game Object '<null>') is missing!
[Warning: Unity Log] The referenced script (SelectionWheel) on this Behaviour is missing!
[Warning: Unity Log] The referenced script on this Behaviour (Game Object 'MoreEmotesMenu') is missing!
[Warning: Unity Log] The referenced script on this Behaviour (Game Object '<null>') is missing!
[Warning: Unity Log] The referenced script (SelectionWheel) on this Behaviour is missing!
[Warning: Unity Log] The referenced script on this Behaviour (Game Object 'MoreEmotesMenu') is missing!
[Warning: Unity Log] The referenced script on this Behaviour (Game Object '<null>') is missing!
[Warning: Unity Log] The referenced script (SelectionWheel) on this Behaviour is missing!
[Warning: Unity Log] The referenced script on this Behaviour (Game Object 'MoreEmotesMenu') is missing!
[Warning: Unity Log] The referenced script on this Behaviour (Game Object '<null>') is missing!
[Warning: Unity Log] The referenced script (SelectionWheel) on this Behaviour is missing!
[Warning: Unity Log] The referenced script on this Behaviour (Game Object 'MoreEmotesMenu') is missing!
[Warning: Unity Log] The referenced script on this Behaviour (Game Object '<null>') is missing!
[Warning: Unity Log] The referenced script (SelectionWheel) on this Behaviour is missing!
[Warning: Unity Log] The referenced script on this Behaviour (Game Object 'MoreEmotesMenu') is missing!
[Warning: Unity Log] The referenced script on this Behaviour (Game Object '<null>') is missing!
[Warning: Unity Log] The referenced script (SelectionWheel) on this Behaviour is missing!
[Warning: Unity Log] The referenced script on this Behaviour (Game Object 'MoreEmotesMenu') is missing!
[Warning: Unity Log] The referenced script on this Behaviour (Game Object '<null>') is missing!
[Warning: Unity Log] The referenced script (SelectionWheel) on this Behaviour is missing!
[Warning: Unity Log] The referenced script on this Behaviour (Game Object 'MoreEmotesMenu') is missing!
[Warning: Unity Log] The referenced script on this Behaviour (Game Object '<null>') is missing!
[Warning: Unity Log] The referenced script (SelectionWheel) on this Behaviour is missing!
[Warning: Unity Log] The referenced script on this Behaviour (Game Object 'MoreEmotesMenu') is missing!
[Warning: Unity Log] The referenced script on this Behaviour (Game Object '<null>') is missing!
[Warning: Unity Log] The referenced script (SelectionWheel) on this Behaviour is missing!
[Warning: Unity Log] The referenced script on this Behaviour (Game Object 'MoreEmotesMenu') is missing!
[Warning: Unity Log] The referenced script on this Behaviour (Game Object '<null>') is missing!
[Warning: Unity Log] The referenced script (SelectionWheel) on this Behaviour is missing!
[Warning: Unity Log] The referenced script on this Behaviour (Game Object 'MoreEmotesMenu') is missing!
[Warning: Unity Log] The referenced script on this Behaviour (Game Object '<null>') is missing!
[Warning: Unity Log] The referenced script (SelectionWheel) on this Behaviour is missing!
[Warning: Unity Log] The referenced script on this Behaviour (Game Object 'MoreEmotesMenu') is missing!
[Warning: Unity Log] The referenced script on this Behaviour (Game Object '<null>') is missing!
[Warning: Unity Log] The referenced script (SelectionWheel) on this Behaviour is missing!
[Warning: Unity Log] The referenced script on this Behaviour (Game Object 'MoreEmotesMenu') is missing!
[Warning: Unity Log] The referenced script on this Behaviour (Game Object '<null>') is missing!
[Warning: Unity Log] The referenced script (SelectionWheel) on this Behaviour is missing!
[Warning: Unity Log] The referenced script on this Behaviour (Game Object 'MoreEmotesMenu') is missing!
[Warning: Unity Log] The referenced script on this Behaviour (Game Object '<null>') is missing!
[Warning: Unity Log] The referenced script (SelectionWheel) on this Behaviour is missing!
[Warning: Unity Log] The referenced script on this Behaviour (Game Object 'MoreEmotesMenu') is missing!
[Warning: Unity Log] The referenced script on this Behaviour (Game Object '<null>') is missing!
[Warning: Unity Log] The referenced script (SelectionWheel) on this Behaviour is missing!
[Warning: Unity Log] The referenced script on this Behaviour (Game Object 'MoreEmotesMenu') is missing!
[Warning: Unity Log] The referenced script on this Behaviour (Game Object '<null>') is missing!
[Warning: Unity Log] The referenced script (SelectionWheel) on this Behaviour is missing!
[Warning: Unity Log] The referenced script on this Behaviour (Game Object 'MoreEmotesMenu') is missing!
[Warning: Unity Log] The referenced script on this Behaviour (Game Object '<null>') is missing!
[Warning: Unity Log] The referenced script (SelectionWheel) on this Behaviour is missing!
[Warning: Unity Log] The referenced script on this Behaviour (Game Object 'MoreEmotesMenu') is missing!
[Warning: Unity Log] The referenced script on this Behaviour (Game Object '<null>') is missing!
[Warning: Unity Log] The referenced script (SelectionWheel) on this Behaviour is missing!
[Warning: Unity Log] The referenced script on this Behaviour (Game Object 'MoreEmotesMenu') is missing!
[Warning: Unity Log] The referenced script on this Behaviour (Game Object '<null>') is missing!
[Warning: Unity Log] The referenced script (SelectionWheel) on this Behaviour is missing!
[Warning: Unity Log] The referenced script on this Behaviour (Game Object 'MoreEmotesMenu') is missing!
[Warning: Unity Log] The referenced script on this Behaviour (Game Object '<null>') is missing!
[Warning: Unity Log] The referenced script (SelectionWheel) on this Behaviour is missing!
[Warning: Unity Log] The referenced script on this Behaviour (Game Object 'MoreEmotesMenu') is missing!
[Warning: Unity Log] The referenced script on this Behaviour (Game Object '<null>') is missing!
[Warning: Unity Log] The referenced script (SelectionWheel) on this Behaviour is missing!
[Warning: Unity Log] The referenced script on this Behaviour (Game Object 'MoreEmotesMenu') is missing!
[Warning: Unity Log] The referenced script on this Behaviour (Game Object '<null>') is missing!
[Warning: Unity Log] The referenced script (SelectionWheel) on this Behaviour is missing!
[Warning: Unity Log] The referenced script on this Behaviour (Game Object 'MoreEmotesMenu') is missing!
[Warning: Unity Log] BoxColliders does not support negative scale or size.
The effective box size has been forced positive and is likely to give unexpected collision geometry.
If you absolutely need to use negative scaling you can use the convex MeshCollider. Scene hierarchy path "Environment/HangarShip/LightSwitchContainer/PlacementCollider"
[Warning: Unity Log] BoxColliders does not support negative scale or size.
The effective box size has been forced positive and is likely to give unexpected collision geometry.
If you absolutely need to use negative scaling you can use the convex MeshCollider. Scene hierarchy path "Environment/HangarShip/Cube"
[Warning: Unity Log] BoxColliders does not support negative scale or size.
The effective box size has been forced positive and is likely to give unexpected collision geometry.
If you absolutely need to use negative scaling you can use the convex MeshCollider. Scene hierarchy path "Environment/HangarShip/AnimatedShipDoor/HangarDoorLeft (1)"
[Warning: Unity Log] BoxColliders does not support negative scale or size.
The effective box size has been forced positive and is likely to give unexpected collision geometry.
If you absolutely need to use negative scaling you can use the convex MeshCollider. Scene hierarchy path "Environment/HangarShip/ShipBottomColliders/Cube (1)"
[Warning: Unity Log] BoxColliders does not support negative scale or size.
The effective box size has been forced positive and is likely to give unexpected collision geometry.
If you absolutely need to use negative scaling you can use the convex MeshCollider. Scene hierarchy path "Environment/HangarShip/ControlDesk.001"
[Warning: Unity Log] BoxColliders does not support negative scale or size.
The effective box size has been forced positive and is likely to give unexpected collision geometry.
If you absolutely need to use negative scaling you can use the convex MeshCollider. Scene hierarchy path "Environment/HangarShip/ShipBottomColliders/Cube (3)"
[Warning: Unity Log] BoxColliders does not support negative scale or size.
The effective box size has been forced positive and is likely to give unexpected collision geometry.
If you absolutely need to use negative scaling you can use the convex MeshCollider. Scene hierarchy path "Environment/HangarShip/ShipBottomColliders/Cube (7)"
[Warning: Unity Log] BoxColliders does not support negative scale or size.
The effective box size has been forced positive and is likely to give unexpected collision geometry.
If you absolutely need to use negative scaling you can use the convex MeshCollider. Scene hierarchy path "Environment/HangarShip/StorageCloset/Cube.000/Cube"
[Warning: Unity Log] BoxColliders does not support negative scale or size.
The effective box size has been forced positive and is likely to give unexpected collision geometry.
If you absolutely need to use negative scaling you can use the convex MeshCollider. Scene hierarchy path "Environment/HangarShip/ShipBottomColliders/Cube (6)"
[Warning: Unity Log] BoxColliders does not support negative scale or size.
The effective box size has been forced positive and is likely to give unexpected collision geometry.
If you absolutely need to use negative scaling you can use the convex MeshCollider. Scene hierarchy path "Environment/HangarShip/ShipBottomColliders/Cube (8)"
[Warning: Unity Log] BoxColliders does not support negative scale or size.
The effective box size has been forced positive and is likely to give unexpected collision geometry.
If you absolutely need to use negative scaling you can use the convex MeshCollider. Scene hierarchy path "Environment/HangarShip/ShipBottomColliders/Cube (5)"
[Warning: Unity Log] BoxColliders does not support negative scale or size.
The effective box size has been forced positive and is likely to give unexpected collision geometry.
If you absolutely need to use negative scaling you can use the convex MeshCollider. Scene hierarchy path "Environment/HangarShip/ShipBottomColliders/Cube (4)"
[Error  :MetalPipeSFX.HornMoan] Error loading sounds: Y:\SteamLibrary\steamapps\common\Lethal Company\BepInEx\plugins\MetalPipeSFX-HornMoan\Moaning1.mp3
HTTP/1.1 404 Not Found
[Error  : Unity Log] InvalidOperationException: HTTP/1.1 404 Not Found
Stack trace:
UnityEngine.Networking.DownloadHandler.GetCheckedDownloader[T] (UnityEngine.Networking.UnityWebRequest www) (at <c222d83f79f841d286bf88de99b703c5>:0)
UnityEngine.Networking.DownloadHandlerAudioClip.GetContent (UnityEngine.Networking.UnityWebRequest www) (at <9a17a0dbd95042e09c96c00e843f4382>:0)
HornMoan.PipePatch.LoadAudioClip (System.String filepath) (at <adcc6bbb2f2a4c35b1d0719ceb30afc6>:0)
HornMoan.PipePatch.AudioPatch (GrabbableObject __instance) (at <adcc6bbb2f2a4c35b1d0719ceb30afc6>:0)
(wrapper dynamic-method) GrabbableObject.DMD<GrabbableObject::Start>(GrabbableObject)
FlashlightItem.Start () (at <44743d9474784365a095189c76175301>:0)

[Error  :MetalPipeSFX.HornMoan] Error loading sounds: Y:\SteamLibrary\steamapps\common\Lethal Company\BepInEx\plugins\MetalPipeSFX-HornMoan\Moaning1.mp3
HTTP/1.1 404 Not Found
[Error  : Unity Log] InvalidOperationException: HTTP/1.1 404 Not Found
Stack trace:
UnityEngine.Networking.DownloadHandler.GetCheckedDownloader[T] (UnityEngine.Networking.UnityWebRequest www) (at <c222d83f79f841d286bf88de99b703c5>:0)
UnityEngine.Networking.DownloadHandlerAudioClip.GetContent (UnityEngine.Networking.UnityWebRequest www) (at <9a17a0dbd95042e09c96c00e843f4382>:0)
HornMoan.PipePatch.LoadAudioClip (System.String filepath) (at <adcc6bbb2f2a4c35b1d0719ceb30afc6>:0)
HornMoan.PipePatch.AudioPatch (GrabbableObject __instance) (at <adcc6bbb2f2a4c35b1d0719ceb30afc6>:0)
(wrapper dynamic-method) GrabbableObject.DMD<GrabbableObject::Start>(GrabbableObject)
WalkieTalkie.Start () (at <44743d9474784365a095189c76175301>:0)

[Error  :MetalPipeSFX.HornMoan] Error loading sounds: Y:\SteamLibrary\steamapps\common\Lethal Company\BepInEx\plugins\MetalPipeSFX-HornMoan\Moaning1.mp3
HTTP/1.1 404 Not Found
[Error  : Unity Log] InvalidOperationException: HTTP/1.1 404 Not Found
Stack trace:
UnityEngine.Networking.DownloadHandler.GetCheckedDownloader[T] (UnityEngine.Networking.UnityWebRequest www) (at <c222d83f79f841d286bf88de99b703c5>:0)
UnityEngine.Networking.DownloadHandlerAudioClip.GetContent (UnityEngine.Networking.UnityWebRequest www) (at <9a17a0dbd95042e09c96c00e843f4382>:0)
HornMoan.PipePatch.LoadAudioClip (System.String filepath) (at <adcc6bbb2f2a4c35b1d0719ceb30afc6>:0)
HornMoan.PipePatch.AudioPatch (GrabbableObject __instance) (at <adcc6bbb2f2a4c35b1d0719ceb30afc6>:0)
(wrapper dynamic-method) GrabbableObject.DMD<GrabbableObject::Start>(GrabbableObject)
SprayPaintItem.Start () (at <44743d9474784365a095189c76175301>:0)

[Error  :MetalPipeSFX.HornMoan] Error loading sounds: Y:\SteamLibrary\steamapps\common\Lethal Company\BepInEx\plugins\MetalPipeSFX-HornMoan\Moaning1.mp3
HTTP/1.1 404 Not Found
[Error  : Unity Log] InvalidOperationException: HTTP/1.1 404 Not Found
Stack trace:
UnityEngine.Networking.DownloadHandler.GetCheckedDownloader[T] (UnityEngine.Networking.UnityWebRequest www) (at <c222d83f79f841d286bf88de99b703c5>:0)
UnityEngine.Networking.DownloadHandlerAudioClip.GetContent (UnityEngine.Networking.UnityWebRequest www) (at <9a17a0dbd95042e09c96c00e843f4382>:0)
HornMoan.PipePatch.LoadAudioClip (System.String filepath) (at <adcc6bbb2f2a4c35b1d0719ceb30afc6>:0)
HornMoan.PipePatch.AudioPatch (GrabbableObject __instance) (at <adcc6bbb2f2a4c35b1d0719ceb30afc6>:0)
(wrapper dynamic-method) GrabbableObject.DMD<GrabbableObject::Start>(GrabbableObject)
BoomboxItem.Start () (at <44743d9474784365a095189c76175301>:0)

[Error  :MetalPipeSFX.HornMoan] Error loading sounds: Y:\SteamLibrary\steamapps\common\Lethal Company\BepInEx\plugins\MetalPipeSFX-HornMoan\Moaning1.mp3
HTTP/1.1 404 Not Found
[Error  : Unity Log] InvalidOperationException: HTTP/1.1 404 Not Found
Stack trace:
UnityEngine.Networking.DownloadHandler.GetCheckedDownloader[T] (UnityEngine.Networking.UnityWebRequest www) (at <c222d83f79f841d286bf88de99b703c5>:0)
UnityEngine.Networking.DownloadHandlerAudioClip.GetContent (UnityEngine.Networking.UnityWebRequest www) (at <9a17a0dbd95042e09c96c00e843f4382>:0)
HornMoan.PipePatch.LoadAudioClip (System.String filepath) (at <adcc6bbb2f2a4c35b1d0719ceb30afc6>:0)
HornMoan.PipePatch.AudioPatch (GrabbableObject __instance) (at <adcc6bbb2f2a4c35b1d0719ceb30afc6>:0)
(wrapper dynamic-method) GrabbableObject.DMD<GrabbableObject::Start>(GrabbableObject)
FlashlightItem.Start () (at <44743d9474784365a095189c76175301>:0)

[Error  :MetalPipeSFX.HornMoan] Error loading sounds: Y:\SteamLibrary\steamapps\common\Lethal Company\BepInEx\plugins\MetalPipeSFX-HornMoan\Moaning1.mp3
HTTP/1.1 404 Not Found
[Error  : Unity Log] InvalidOperationException: HTTP/1.1 404 Not Found
Stack trace:
UnityEngine.Networking.DownloadHandler.GetCheckedDownloader[T] (UnityEngine.Networking.UnityWebRequest www) (at <c222d83f79f841d286bf88de99b703c5>:0)
UnityEngine.Networking.DownloadHandlerAudioClip.GetContent (UnityEngine.Networking.UnityWebRequest www) (at <9a17a0dbd95042e09c96c00e843f4382>:0)
HornMoan.PipePatch.LoadAudioClip (System.String filepath) (at <adcc6bbb2f2a4c35b1d0719ceb30afc6>:0)
HornMoan.PipePatch.AudioPatch (GrabbableObject __instance) (at <adcc6bbb2f2a4c35b1d0719ceb30afc6>:0)
(wrapper dynamic-method) GrabbableObject.DMD<GrabbableObject::Start>(GrabbableObject)
WalkieTalkie.Start () (at <44743d9474784365a095189c76175301>:0)

[Error  :MetalPipeSFX.HornMoan] Error loading sounds: Y:\SteamLibrary\steamapps\common\Lethal Company\BepInEx\plugins\MetalPipeSFX-HornMoan\Moaning1.mp3
HTTP/1.1 404 Not Found
[Error  : Unity Log] InvalidOperationException: HTTP/1.1 404 Not Found
Stack trace:
UnityEngine.Networking.DownloadHandler.GetCheckedDownloader[T] (UnityEngine.Networking.UnityWebRequest www) (at <c222d83f79f841d286bf88de99b703c5>:0)
UnityEngine.Networking.DownloadHandlerAudioClip.GetContent (UnityEngine.Networking.UnityWebRequest www) (at <9a17a0dbd95042e09c96c00e843f4382>:0)
HornMoan.PipePatch.LoadAudioClip (System.String filepath) (at <adcc6bbb2f2a4c35b1d0719ceb30afc6>:0)
HornMoan.PipePatch.AudioPatch (GrabbableObject __instance) (at <adcc6bbb2f2a4c35b1d0719ceb30afc6>:0)
(wrapper dynamic-method) GrabbableObject.DMD<GrabbableObject::Start>(GrabbableObject)

[Error  :MetalPipeSFX.HornMoan] Error loading sounds: Y:\SteamLibrary\steamapps\common\Lethal Company\BepInEx\plugins\MetalPipeSFX-HornMoan\Moaning1.mp3
HTTP/1.1 404 Not Found
[Error  : Unity Log] InvalidOperationException: HTTP/1.1 404 Not Found
Stack trace:
UnityEngine.Networking.DownloadHandler.GetCheckedDownloader[T] (UnityEngine.Networking.UnityWebRequest www) (at <c222d83f79f841d286bf88de99b703c5>:0)
UnityEngine.Networking.DownloadHandlerAudioClip.GetContent (UnityEngine.Networking.UnityWebRequest www) (at <9a17a0dbd95042e09c96c00e843f4382>:0)
HornMoan.PipePatch.LoadAudioClip (System.String filepath) (at <adcc6bbb2f2a4c35b1d0719ceb30afc6>:0)
HornMoan.PipePatch.AudioPatch (GrabbableObject __instance) (at <adcc6bbb2f2a4c35b1d0719ceb30afc6>:0)
(wrapper dynamic-method) GrabbableObject.DMD<GrabbableObject::Start>(GrabbableObject)

[Error  :MetalPipeSFX.HornMoan] Error loading sounds: Y:\SteamLibrary\steamapps\common\Lethal Company\BepInEx\plugins\MetalPipeSFX-HornMoan\Moaning1.mp3
HTTP/1.1 404 Not Found
[Error  : Unity Log] InvalidOperationException: HTTP/1.1 404 Not Found
Stack trace:
UnityEngine.Networking.DownloadHandler.GetCheckedDownloader[T] (UnityEngine.Networking.UnityWebRequest www) (at <c222d83f79f841d286bf88de99b703c5>:0)
UnityEngine.Networking.DownloadHandlerAudioClip.GetContent (UnityEngine.Networking.UnityWebRequest www) (at <9a17a0dbd95042e09c96c00e843f4382>:0)
HornMoan.PipePatch.LoadAudioClip (System.String filepath) (at <adcc6bbb2f2a4c35b1d0719ceb30afc6>:0)
HornMoan.PipePatch.AudioPatch (GrabbableObject __instance) (at <adcc6bbb2f2a4c35b1d0719ceb30afc6>:0)
(wrapper dynamic-method) GrabbableObject.DMD<GrabbableObject::Start>(GrabbableObject)
WalkieTalkie.Start () (at <44743d9474784365a095189c76175301>:0)

[Error  :MetalPipeSFX.HornMoan] Error loading sounds: Y:\SteamLibrary\steamapps\common\Lethal Company\BepInEx\plugins\MetalPipeSFX-HornMoan\Moaning1.mp3
HTTP/1.1 404 Not Found
[Error  : Unity Log] InvalidOperationException: HTTP/1.1 404 Not Found
Stack trace:
UnityEngine.Networking.DownloadHandler.GetCheckedDownloader[T] (UnityEngine.Networking.UnityWebRequest www) (at <c222d83f79f841d286bf88de99b703c5>:0)
UnityEngine.Networking.DownloadHandlerAudioClip.GetContent (UnityEngine.Networking.UnityWebRequest www) (at <9a17a0dbd95042e09c96c00e843f4382>:0)
HornMoan.PipePatch.LoadAudioClip (System.String filepath) (at <adcc6bbb2f2a4c35b1d0719ceb30afc6>:0)
HornMoan.PipePatch.AudioPatch (GrabbableObject __instance) (at <adcc6bbb2f2a4c35b1d0719ceb30afc6>:0)
(wrapper dynamic-method) GrabbableObject.DMD<GrabbableObject::Start>(GrabbableObject)
FlashlightItem.Start () (at <44743d9474784365a095189c76175301>:0)

[Error  :MetalPipeSFX.HornMoan] Error loading sounds: Y:\SteamLibrary\steamapps\common\Lethal Company\BepInEx\plugins\MetalPipeSFX-HornMoan\Moaning1.mp3
HTTP/1.1 404 Not Found
[Error  : Unity Log] InvalidOperationException: HTTP/1.1 404 Not Found
Stack trace:
UnityEngine.Networking.DownloadHandler.GetCheckedDownloader[T] (UnityEngine.Networking.UnityWebRequest www) (at <c222d83f79f841d286bf88de99b703c5>:0)
UnityEngine.Networking.DownloadHandlerAudioClip.GetContent (UnityEngine.Networking.UnityWebRequest www) (at <9a17a0dbd95042e09c96c00e843f4382>:0)
HornMoan.PipePatch.LoadAudioClip (System.String filepath) (at <adcc6bbb2f2a4c35b1d0719ceb30afc6>:0)
HornMoan.PipePatch.AudioPatch (GrabbableObject __instance) (at <adcc6bbb2f2a4c35b1d0719ceb30afc6>:0)
(wrapper dynamic-method) GrabbableObject.DMD<GrabbableObject::Start>(GrabbableObject)
WalkieTalkie.Start () (at <44743d9474784365a095189c76175301>:0)

[Info   : Unity Log] Started spectating
[Info   : Unity Log] Started spectating
[Info   : Unity Log] Started spectating
[Info   : Unity Log] Started spectating
[Info   : Unity Log] Started spectating
[Info   : Unity Log] Started spectating
[Info   : Unity Log] Started spectating
[Info   : Unity Log] Started spectating
[Info   : Unity Log] Started spectating
[Info   : Unity Log] Started spectating
[Info   : Unity Log] Started spectating
[Info   : Unity Log] Started spectating
[Info   : Unity Log] Started spectating
[Info   : Unity Log] Started spectating
[Info   : Unity Log] Started spectating
[Info   : Unity Log] Started spectating
[Info   : Unity Log] Started spectating
[Info   : Unity Log] Started spectating
[Info   : Unity Log] Started spectating
[Info   : Unity Log] Started spectating
[Info   : Unity Log] Started spectating
[Info   : Unity Log] Started spectating
[Info   : Unity Log] Started spectating
[Info   : Unity Log] Started spectating
[Info   : Unity Log] Started spectating
[Info   : Unity Log] Started spectating
[Info   : Unity Log] Started spectating
[Info   : Unity Log] Started spectating
[Info   : Unity Log] Started spectating
[Info   : Unity Log] Started spectating
[Info   : Unity Log] Started spectating
[Info   : Unity Log] Started spectating
[Info   :RugbugRedfern.SkinwalkerMod] Audio folder not present. Don't worry about it, it will be created automatically when you play with friends. (Y:/SteamLibrary/steamapps/common/Lethal Company/Lethal Company_Data\..\Dissonance_Diagnostics)
[Warning: Unity Log] [Netcode] Setting ownership twice? Client-ID 0 already owns NetworkObject ID 20!
[Info   : Unity Log] soumdmanager: True; False
[Info   : Unity Log] Object Pro-flashlight falling 0
[Info   : Unity Log] Object Pro-flashlighthit ground false? : True
[Info   : Unity Log] Object Walkie-talkie falling 0
[Info   : Unity Log] Object Walkie-talkiehit ground false? : True
[Info   : Unity Log] Object Spray paint falling 0
[Info   : Unity Log] Object Boombox falling 0
[Error  : Unity Log] NullReferenceException: Object reference not set to an instance of an object
Stack trace:
YoutubeBoombox.BoomboxController.Update () (at <cee08d9dfe4b4009b0125bc5576031b5>:0)

[Info   : Unity Log] Object Pro-flashlight falling 0
[Info   : Unity Log] Object Pro-flashlighthit ground false? : True
[Info   : Unity Log] Object Walkie-talkie falling 0
[Info   : Unity Log] Object Key falling 0
[Info   : Unity Log] Object Key falling 0
[Info   : Unity Log] Object Walkie-talkie falling 0
[Info   : Unity Log] Object Walkie-talkiehit ground false? : True
[Info   : Unity Log] Object Pro-flashlight falling 0
[Info   : Unity Log] Object Walkie-talkie falling 0
[Info   : Unity Log] Object Walkie-talkiehit ground false? : True
[Info   : Unity Log] Taking control of player Player and enabling camera!
[Info   : Unity Log] Starting voice tracking for player: Jollyboy
[Info   : Unity Log] !!!! ENABLING CAMERA FOR PLAYER: Player
[Info   : Unity Log] !!!! connectedPlayersAmount: 0
[Info   : Unity Log] Object Pro-flashlight falling 0.8092452
[Info   : Unity Log] Object Pro-flashlighthit ground false? : True
[Info   : Unity Log] Object Spray paint falling 0.03351247
[Info   : Unity Log] Object Boombox falling 0.02286675
[Info   : Unity Log] Object Walkie-talkie falling 0.03325887
[Info   : Unity Log] Object Key falling 0.03325889
[Info   : Unity Log] Object Key falling 0.03325889
[Info   : Unity Log] Object Pro-flashlight falling 0.03619945
[Info   : Unity Log] Object Walkie-talkie falling 0.8092452
[Info   : Unity Log] Object Walkie-talkiehit ground false? : True
[Info   : Unity Log] Has beta?: {hasBeta}
[Info   : Unity Log] Has beta save data: True
[Warning: Unity Log] [Dissonance:Recording] (20:09:34.723) CapturePipelineManager: Detected a frame skip, forcing capture pipeline reset (Delta Time:2.005951)
[Info   : Unity Log] Object Spray paint falling 0.06702494
[Info   : Unity Log] Object Boombox falling 0.0457335
[Info   : Unity Log] Object Walkie-talkie falling 0.06651775
[Info   : Unity Log] Object Key falling 0.06651777
[Info   : Unity Log] Object Key falling 0.06651777
[Info   : Unity Log] Object Pro-flashlight falling 0.07239891
[Warning: Unity Log] [Dissonance:Recording] (20:09:34.751) CapturePipelineManager: Detected a frame skip, forcing capture pipeline reset (Delta Time:0.2333638)
[Info   : Unity Log] Object Spray paint falling 0.1475354
[Info   : Unity Log] Object Boombox falling 0.1006686
[Info   : Unity Log] Object Walkie-talkie falling 0.1464189
[Info   : Unity Log] Object Key falling 0.146419
[Info   : Unity Log] Object Key falling 0.146419
[Info   : Unity Log] Object Pro-flashlight falling 0.1593646
[Info   : Unity Log] Object Boombox falling 0.7416623
[Info   : Unity Log] Object Boomboxhit ground false? : True
[Info   : Unity Log] Object Boombox falling 0.8559581
[Info   : Unity Log] Object Boombox falling 0.9246669
[Info   : Unity Log] Object Boomboxhit ground false? : True
[Info   : Unity Log] Object Boombox falling 0.9703864
[Info   : Unity Log] Object Boomboxhit ground false? : True
[Warning:    LC_API] Asking all other players for their mod list..
[Info   : Unity Log] Player joined w steamId: 76561198249794640
[Info   : Unity Log] [FacepunchTransport] - Accepting connection from Steam user 0.
[Info   :RugbugRedfern.SkinwalkerMod] Audio folder not present. Don't worry about it, it will be created automatically when you play with friends. (Y:/SteamLibrary/steamapps/common/Lethal Company/Lethal Company_Data\..\Dissonance_Diagnostics)
[Info   : Unity Log] [Netcode] Client Connected
[Info   : Unity Log] [FacepunchTransport] - Connected with Steam user 0.
[Info   : Unity Log] Connection approval callback! Game version of client request: 45,76561198249794640
[Info   : Unity Log] Joining client id: 1; Local/host client id: 0
[Info   : Unity Log] Approved connection?: True. Connected players #: 1
[Info   : Unity Log] Disapproval reason: 
[Info   : Unity Log] [Netcode] [Server-Side Client-Synchronization] NetworkObject serialization order:Push(Clone)Key(Clone)Key(Clone)WalkieTalkie(Clone)FlashlightItem(Clone)Boombox(Clone)FileCabinetWalkieTalkie(Clone)FlashlightItem(Clone)StartGameLeverGlobalEffectsSoundManagerLightSwitchContainerTimeAndWeatherShipBuildModePlayersManager / HUDManagerBunkbedsSkinwalkerNetworkManagerPlayer (7)Player (10)Player (9)Player (8)WalkieTalkie(Clone)Player (4)RoundManagerWalkieTalkie(Clone)HangarShipPlayer (1)Player (2)PlayerClipboardManualStickyNoteItemServerItemHolderServerItemHolderServerItemHolderTerminalStorageClosetPlayerPhysicsBoxPlayerPhysicsBoxPlayerPhysicsBoxPlayerPhysicsBoxLocalItemHolderLocalItemHolderLocalItemHolderLocalItemHolderFlashlightItem(Clone)Player (3)SprayPaintItem(Clone)ServerItemHolderPlayer (6)Player (12)RomanticTableContainer(Clone)Teleporter(Clone)Player (24)Player (15)Player (16)Player (17)Player (19)Player (20)Player (21)Player (22)Player (23)Player (25)ChangableSuit(Clone)Player (26)Player (27)Player (28)Player (29)Player (30)Player (31)ChangableSuit(Clone)ChangableSuit(Clone)WelcomeMatContainer(Clone)Player (5)ChangableSuit(Clone)ChangableSuit(Clone)EnvironmentPlayer (11)Player (18)Player (13)Player (14)ChangableSuit(Clone)ChangableSuit(Clone)ChangableSuit(Clone)ChangableSuit(Clone)ChangableSuit(Clone)ChangableSuit(Clone)ChangableSuit(Clone)ChangableSuit(Clone)ChangableSuit(Clone)ChangableSuit(Clone)ChangableSuit(Clone)ChangableSuit(Clone)ChangableSuit(Clone)ChangableSuit(Clone)ChangableSuit(Clone)ChangableSuit(Clone)ChangableSuit(Clone)Props
[Warning: Unity Log] [Netcode] Deferred messages were received for a trigger of type OnSpawn with key 0, but that trigger was not received within within 1 second(s).
[Info   :RugbugRedfern.SkinwalkerMod] Audio folder not present. Don't worry about it, it will be created automatically when you play with friends. (Y:/SteamLibrary/steamapps/common/Lethal Company/Lethal Company_Data\..\Dissonance_Diagnostics)
[Info   : Unity Log] Player joined w steamId: 76561198123568543
[Info   : Unity Log] [FacepunchTransport] - Accepting connection from Steam user 0.
[Info   : Unity Log] [Netcode] Client Connected
[Info   : Unity Log] [FacepunchTransport] - Connected with Steam user 0.
[Info   : Unity Log] Connection approval callback! Game version of client request: 45,76561198123568543
[Info   : Unity Log] Joining client id: 2; Local/host client id: 0
[Info   : Unity Log] Approved connection?: True. Connected players #: 1
[Info   : Unity Log] Disapproval reason: 
[Info   : Unity Log] [Netcode] [Server-Side Client-Synchronization] NetworkObject serialization order:Push(Clone)Key(Clone)Key(Clone)WalkieTalkie(Clone)FlashlightItem(Clone)Boombox(Clone)FileCabinetWalkieTalkie(Clone)FlashlightItem(Clone)StartGameLeverGlobalEffectsSoundManagerLightSwitchContainerTimeAndWeatherShipBuildModePlayersManager / HUDManagerBunkbedsSkinwalkerNetworkManagerPlayer (7)Player (10)Player (9)Player (8)WalkieTalkie(Clone)Player (4)RoundManagerWalkieTalkie(Clone)HangarShipPlayer (1)Player (2)PlayerClipboardManualStickyNoteItemServerItemHolderServerItemHolderServerItemHolderTerminalStorageClosetPlayerPhysicsBoxPlayerPhysicsBoxPlayerPhysicsBoxPlayerPhysicsBoxLocalItemHolderLocalItemHolderLocalItemHolderLocalItemHolderFlashlightItem(Clone)Player (3)SprayPaintItem(Clone)ServerItemHolderPlayer (6)Player (12)RomanticTableContainer(Clone)Teleporter(Clone)Player (24)Player (15)Player (16)Player (17)Player (19)Player (20)Player (21)Player (22)Player (23)Player (25)ChangableSuit(Clone)Player (26)Player (27)Player (28)Player (29)Player (30)Player (31)ChangableSuit(Clone)ChangableSuit(Clone)WelcomeMatContainer(Clone)Player (5)ChangableSuit(Clone)ChangableSuit(Clone)EnvironmentPlayer (11)Player (18)Player (13)Player (14)ChangableSuit(Clone)ChangableSuit(Clone)ChangableSuit(Clone)ChangableSuit(Clone)ChangableSuit(Clone)ChangableSuit(Clone)ChangableSuit(Clone)ChangableSuit(Clone)ChangableSuit(Clone)ChangableSuit(Clone)ChangableSuit(Clone)ChangableSuit(Clone)ChangableSuit(Clone)ChangableSuit(Clone)ChangableSuit(Clone)ChangableSuit(Clone)ChangableSuit(Clone)Props
[Info   :RugbugRedfern.SkinwalkerMod] Audio folder not present. Don't worry about it, it will be created automatically when you play with friends. (Y:/SteamLibrary/steamapps/common/Lethal Company/Lethal Company_Data\..\Dissonance_Diagnostics)
[Warning: Unity Log] [Netcode] Deferred messages were received for a trigger of type OnSpawn with key 0, but that trigger was not received within within 1 second(s).
[Info   :RugbugRedfern.SkinwalkerMod] Audio folder not present. Don't worry about it, it will be created automatically when you play with friends. (Y:/SteamLibrary/steamapps/common/Lethal Company/Lethal Company_Data\..\Dissonance_Diagnostics)
[Info   :RugbugRedfern.SkinwalkerMod] Audio folder not present. Don't worry about it, it will be created automatically when you play with friends. (Y:/SteamLibrary/steamapps/common/Lethal Company/Lethal Company_Data\..\Dissonance_Diagnostics)
[Info   : Unity Log] Player joined w steamId: 76561199531206955
[Info   : Unity Log] [FacepunchTransport] - Accepting connection from Steam user 0.
[Info   :RugbugRedfern.SkinwalkerMod] Audio folder not present. Don't worry about it, it will be created automatically when you play with friends. (Y:/SteamLibrary/steamapps/common/Lethal Company/Lethal Company_Data\..\Dissonance_Diagnostics)
[Info   : Unity Log] [Netcode] Client Connected
[Info   : Unity Log] [FacepunchTransport] - Connected with Steam user 0.
[Info   : Unity Log] Connection approval callback! Game version of client request: 45,76561199531206955
[Info   : Unity Log] Joining client id: 3; Local/host client id: 0
[Info   : Unity Log] Approved connection?: True. Connected players #: 1
[Info   : Unity Log] Disapproval reason: 
[Info   : Unity Log] [Netcode] [Server-Side Client-Synchronization] NetworkObject serialization order:Push(Clone)Key(Clone)Key(Clone)WalkieTalkie(Clone)FlashlightItem(Clone)Boombox(Clone)FileCabinetWalkieTalkie(Clone)FlashlightItem(Clone)StartGameLeverGlobalEffectsSoundManagerLightSwitchContainerTimeAndWeatherShipBuildModePlayersManager / HUDManagerBunkbedsSkinwalkerNetworkManagerPlayer (7)Player (10)Player (9)Player (8)WalkieTalkie(Clone)Player (4)RoundManagerWalkieTalkie(Clone)HangarShipPlayer (1)Player (2)PlayerClipboardManualStickyNoteItemServerItemHolderServerItemHolderServerItemHolderTerminalStorageClosetPlayerPhysicsBoxPlayerPhysicsBoxPlayerPhysicsBoxPlayerPhysicsBoxLocalItemHolderLocalItemHolderLocalItemHolderLocalItemHolderFlashlightItem(Clone)Player (3)SprayPaintItem(Clone)ServerItemHolderPlayer (6)Player (12)RomanticTableContainer(Clone)Teleporter(Clone)Player (24)Player (15)Player (16)Player (17)Player (19)Player (20)Player (21)Player (22)Player (23)Player (25)ChangableSuit(Clone)Player (26)Player (27)Player (28)Player (29)Player (30)Player (31)ChangableSuit(Clone)ChangableSuit(Clone)WelcomeMatContainer(Clone)Player (5)ChangableSuit(Clone)ChangableSuit(Clone)EnvironmentPlayer (11)Player (18)Player (13)Player (14)ChangableSuit(Clone)ChangableSuit(Clone)ChangableSuit(Clone)ChangableSuit(Clone)ChangableSuit(Clone)ChangableSuit(Clone)ChangableSuit(Clone)ChangableSuit(Clone)ChangableSuit(Clone)ChangableSuit(Clone)ChangableSuit(Clone)ChangableSuit(Clone)ChangableSuit(Clone)ChangableSuit(Clone)ChangableSuit(Clone)ChangableSuit(Clone)ChangableSuit(Clone)Props
[Info   : Unity Log] PLAYER OPENED MENU
[Info   : Unity Log] In terminal menu: False
[Info   : Unity Log] PLAYER OPENED MENU
[Info   : Unity Log] In terminal menu: False
[Info   : Unity Log] PLAYER OPENED MENU
[Info   : Unity Log] In terminal menu: False
[Info   : Unity Log] PLAYER OPENED MENU
[Info   : Unity Log] In terminal menu: False
[Info   : Unity Log] PLAYER OPENED MENU
[Info   : Unity Log] In terminal menu: False
[Info   : Unity Log] PLAYER OPENED MENU
[Info   : Unity Log] In terminal menu: False
[Info   :RugbugRedfern.SkinwalkerMod] Audio folder not present. Don't worry about it, it will be created automatically when you play with friends. (Y:/SteamLibrary/steamapps/common/Lethal Company/Lethal Company_Data\..\Dissonance_Diagnostics)
[Warning: Unity Log] [Netcode] Deferred messages were received for a trigger of type OnSpawn with key 0, but that trigger was not received within within 1 second(s).
[Info   : Unity Log] PLAYER OPENED MENU
[Info   : Unity Log] In terminal menu: False
[Info   : Unity Log] PLAYER OPENED MENU
[Info   : Unity Log] In terminal menu: False
[Info   : Unity Log] PLAYER OPENED MENU
[Info   : Unity Log] In terminal menu: False
[Info   : Unity Log] PLAYER OPENED MENU
[Info   : Unity Log] In terminal menu: False
[Info   : Unity Log] PLAYER OPENED MENU
[Info   : Unity Log] In terminal menu: False
[Info   : Unity Log] PLAYER OPENED MENU
[Info   : Unity Log] In terminal menu: False
[Info   : Unity Log] PLAYER OPENED MENU
[Info   : Unity Log] In terminal menu: False
[Info   : Unity Log] PLAYER OPENED MENU
[Info   : Unity Log] In terminal menu: False
[Info   : Unity Log] PLAYER OPENED MENU
[Info   : Unity Log] In terminal menu: False
[Info   : Unity Log] PLAYER OPENED MENU
[Info   : Unity Log] In terminal menu: False
[Info   : Unity Log] PLAYER OPENED MENU
[Info   : Unity Log] In terminal menu: False
[Info   : Unity Log] PLAYER OPENED MENU
[Info   : Unity Log] In terminal menu: False
[Info   : Unity Log] PLAYER OPENED MENU
[Info   : Unity Log] In terminal menu: False
[Info   : Unity Log] PLAYER OPENED MENU
[Info   : Unity Log] In terminal menu: False
[Info   : Unity Log] PLAYER OPENED MENU
[Info   : Unity Log] In terminal menu: False
[Info   : Unity Log] PLAYER OPENED MENU
[Info   : Unity Log] In terminal menu: False
[Info   : Unity Log] PLAYER OPENED MENU
[Info   : Unity Log] In terminal menu: False
[Info   : Unity Log] [Netcode] Disconnect Event From 1
[Info   : Unity Log] Disconnect callback called
[Info   : Unity Log] Is server: True; ishost: True; isConnectedClient: True
[Info   : Unity Log] Disconnect callback called in gamenetworkmanager; disconnecting clientId: 1
[Info   : Unity Log] A Player disconnected but they were not in clientplayerlist
[Info   : Unity Log] [FacepunchTransport] - Disconnected Steam user 0
[Info   :RugbugRedfern.SkinwalkerMod] Audio folder not present. Don't worry about it, it will be created automatically when you play with friends. (Y:/SteamLibrary/steamapps/common/Lethal Company/Lethal Company_Data\..\Dissonance_Diagnostics)
[Info   : Unity Log] [Netcode] Disconnect Event From 3
[Info   : Unity Log] Disconnect callback called
[Info   : Unity Log] Is server: True; ishost: True; isConnectedClient: True
[Info   : Unity Log] Disconnect callback called in gamenetworkmanager; disconnecting clientId: 3
[Info   : Unity Log] A Player disconnected but they were not in clientplayerlist
[Info   : Unity Log] [FacepunchTransport] - Disconnected Steam user 0
[Info   :RugbugRedfern.SkinwalkerMod] Audio folder not present. Don't worry about it, it will be created automatically when you play with friends. (Y:/SteamLibrary/steamapps/common/Lethal Company/Lethal Company_Data\..\Dissonance_Diagnostics)
[Info   :RugbugRedfern.SkinwalkerMod] Audio folder not present. Don't worry about it, it will be created automatically when you play with friends. (Y:/SteamLibrary/steamapps/common/Lethal Company/Lethal Company_Data\..\Dissonance_Diagnostics)
[Info   : Unity Log] [Netcode] Disconnect Event From 2
[Info   : Unity Log] Disconnect callback called
[Info   : Unity Log] Is server: True; ishost: True; isConnectedClient: True
[Info   : Unity Log] Disconnect callback called in gamenetworkmanager; disconnecting clientId: 2
[Info   : Unity Log] A Player disconnected but they were not in clientplayerlist
[Info   : Unity Log] [FacepunchTransport] - Disconnected Steam user 0
[Warning: Unity Log] [Dissonance:Recording] (20:11:06.510) BasicMicrophoneCapture: Insufficient buffer space, requested 432480, clamped to 16383 (dropping 416097 samples)
[Warning: Unity Log] [Dissonance:Recording] (20:11:06.510) BasePreprocessingPipeline: Lost 480 samples in the preprocessor (buffer full), injecting silence to compensate
[Warning: Unity Log] [Dissonance:Recording] (20:11:06.511) BasePreprocessingPipeline: Lost 960 samples in the preprocessor (buffer full), injecting silence to compensate
[Warning: Unity Log] [Dissonance:Recording] (20:11:06.511) BasePreprocessingPipeline: Lost 960 samples in the preprocessor (buffer full), injecting silence to compensate
[Info   :RugbugRedfern.SkinwalkerMod] Audio folder not present. Don't worry about it, it will be created automatically when you play with friends. (Y:/SteamLibrary/steamapps/common/Lethal Company/Lethal Company_Data\..\Dissonance_Diagnostics)
[Warning: Unity Log] [Dissonance:Recording] (20:11:06.594) CapturePipelineManager: Detected a frame skip, forcing capture pipeline reset (Delta Time:9.057766)
[Info   :RugbugRedfern.SkinwalkerMod] Audio folder not present. Don't worry about it, it will be created automatically when you play with friends. (Y:/SteamLibrary/steamapps/common/Lethal Company/Lethal Company_Data\..\Dissonance_Diagnostics)
[Info   :RugbugRedfern.SkinwalkerMod] Audio folder not present. Don't worry about it, it will be created automatically when you play with friends. (Y:/SteamLibrary/steamapps/common/Lethal Company/Lethal Company_Data\..\Dissonance_Diagnostics)
[Info   :RugbugRedfern.SkinwalkerMod] Audio folder not present. Don't worry about it, it will be created automatically when you play with friends. (Y:/SteamLibrary/steamapps/common/Lethal Company/Lethal Company_Data\..\Dissonance_Diagnostics)
